[0m[[0m[0mdebug[0m] [0m[0m> Exec(test, Some(f899cead-a5f6-4d4d-a4a8-f61efef9d165), Some(CommandSource(console0)))[0m
[0m[[0m[0mdebug[0m] [0m[0mEvaluating tasks: Test / test[0m
[0m[[0m[0mdebug[0m] [0m[0mRunning task... Cancel: Signal, check cycles: false, forcegc: true[0m
[0m[[0m[0minfo[0m] [0m[0m[32mRadixSortSpec:[0m[0m
[0m[[0m[0minfo[0m] [0m[0m[32mThe lsdRadixSort method[0m[0m
[0m[[0m[0minfo[0m] [0m[0m[32m- should work correctly on arrays of non-negative integers[0m[0m
[0m[[0m[0minfo[0m] [0m[0m[31m- should be faster than java.util.Arrays.sort on large arrays of non-negative integers *** FAILED ***[0m[0m
[0m[[0m[0minfo[0m] [0m[0m[31m  0.8887428176106988 was not greater than 1.0 (RadixSortSpec.scala:93)[0m[0m
[0m[[0m[0minfo[0m] [0m[0m[31m- should work correctly on arrays of arbitrary integers *** FAILED ***[0m[0m
[0m[[0m[0minfo[0m] [0m[0m[31m  At index 0: 1589929975 was not equal to -2064674507 (RadixSortSpec.scala:107)[0m[0m
[0m[[0m[0minfo[0m] [0m[0m[31m- should be faster than java.util.Arrays.sort on large arrays of arbitrary integers *** FAILED ***[0m[0m
[0m[[0m[0minfo[0m] [0m[0m[31m  At index 0: 840 was not equal to -2147481415 (RadixSortSpec.scala:49)[0m[0m
[0m[[0m[0minfo[0m] [0m[0m[31m- should be at most 3 times slower than java.util.Arrays.sort on large arrays of non-negative integers drawn from a small set (not included in the grader) *** FAILED ***[0m[0m
[0m[[0m[0minfo[0m] [0m[0m[31m  0.10366448552282131 was not greater than 0.3333333333333333 (RadixSortSpec.scala:138)[0m[0m
[0m[[0m[0minfo[0m] [0m[0m[31m- should be faster than java.util.Arrays.sort on large almost-sorted arrays of non-negative integers (not included in the grader) *** FAILED ***[0m[0m
[0m[[0m[0minfo[0m] [0m[0m[31m  0.213749848112544 was not greater than 1.0 (RadixSortSpec.scala:156)[0m[0m
[0m[[0m[0minfo[0m] [0m[0m[36mRun completed in 39 seconds, 109 milliseconds.[0m[0m
[0m[[0m[0minfo[0m] [0m[0m[36mTotal number of tests run: 6[0m[0m
[0m[[0m[0minfo[0m] [0m[0m[36mSuites: completed 1, aborted 0[0m[0m
[0m[[0m[0minfo[0m] [0m[0m[36mTests: succeeded 1, failed 5, canceled 0, ignored 0, pending 0[0m[0m
[0m[[0m[0minfo[0m] [0m[0m[31m*** 5 TESTS FAILED ***[0m[0m
[0m[[0m[31merror[0m] [0m[0mFailed tests:[0m
[0m[[0m[31merror[0m] [0m[0m	tests.RadixSortSpec[0m
[0m[[0m[31merror[0m] [0m[0m(Test / [31mtest[0m) sbt.TestsFailedException: Tests unsuccessful[0m
[0m[[0m[31merror[0m] [0m[0mTotal time: 39 s, completed Sep 20, 2024, 12:55:01 PM[0m
[0m[[0m[0mdebug[0m] [0m[0m> Exec(shell, None, None)[0m
[0m[[0m[31merror[0m] [0m[0mserver failed to start on local:sbt-server-0232a12508388dec0882. java.io.IOException: Could not create lock for \\.\pipe\sbt-server-0232a12508388dec0882_lock, error 5[0m
