[0m[[0m[0mdebug[0m] [0m[0m> Exec(test, Some(51d76af9-d69b-4d04-ae1d-074419de57cd), Some(CommandSource(console0)))[0m
[0m[[0m[0mdebug[0m] [0m[0mEvaluating tasks: Test / test[0m
[0m[[0m[0mdebug[0m] [0m[0mRunning task... Cancel: Signal, check cycles: false, forcegc: true[0m
[0m[[0m[0minfo[0m] [0m[0m[32mRadixSortSpec:[0m[0m
[0m[[0m[0minfo[0m] [0m[0m[32mThe lsdRadixSort method[0m[0m
[0m[[0m[0minfo[0m] [0m[0m[32m- should work correctly on arrays of non-negative integers[0m[0m
[0m[[0m[0minfo[0m] [0m[0m[32m- should be faster than java.util.Arrays.sort on large arrays of non-negative integers[0m[0m
[0m[[0m[0minfo[0m] [0m[0m[31m- should work correctly on arrays of arbitrary integers *** FAILED ***[0m[0m
[0m[[0m[0minfo[0m] [0m[0m[31m  At index 0: 1278424274 was not equal to -1995769133 (RadixSortSpec.scala:107)[0m[0m
[0m[[0m[0minfo[0m] [0m[0m[31m- should be faster than java.util.Arrays.sort on large arrays of arbitrary integers *** FAILED ***[0m[0m
[0m[[0m[0minfo[0m] [0m[0m[31m  At index 0: 866 was not equal to -2147481133 (RadixSortSpec.scala:49)[0m[0m
[0m[[0m[0minfo[0m] [0m[0m[31m- should be at most 3 times slower than java.util.Arrays.sort on large arrays of non-negative integers drawn from a small set (not included in the grader) *** FAILED ***[0m[0m
[0m[[0m[0minfo[0m] [0m[0m[31m  0.12095901393306624 was not greater than 0.3333333333333333 (RadixSortSpec.scala:138)[0m[0m
[0m[[0m[0minfo[0m] [0m[0m[31m- should be faster than java.util.Arrays.sort on large almost-sorted arrays of non-negative integers (not included in the grader) *** FAILED ***[0m[0m
[0m[[0m[0minfo[0m] [0m[0m[31m  0.2729356070949871 was not greater than 1.0 (RadixSortSpec.scala:156)[0m[0m
[0m[[0m[0minfo[0m] [0m[0m[36mRun completed in 37 seconds, 417 milliseconds.[0m[0m
[0m[[0m[0minfo[0m] [0m[0m[36mTotal number of tests run: 6[0m[0m
[0m[[0m[0minfo[0m] [0m[0m[36mSuites: completed 1, aborted 0[0m[0m
[0m[[0m[0minfo[0m] [0m[0m[36mTests: succeeded 2, failed 4, canceled 0, ignored 0, pending 0[0m[0m
[0m[[0m[0minfo[0m] [0m[0m[31m*** 4 TESTS FAILED ***[0m[0m
[0m[[0m[31merror[0m] [0m[0mFailed tests:[0m
[0m[[0m[31merror[0m] [0m[0m	tests.RadixSortSpec[0m
[0m[[0m[31merror[0m] [0m[0m(Test / [31mtest[0m) sbt.TestsFailedException: Tests unsuccessful[0m
[0m[[0m[31merror[0m] [0m[0mTotal time: 38 s, completed Sep 20, 2024, 12:57:28 PM[0m
[0m[[0m[0mdebug[0m] [0m[0m> Exec(shell, None, None)[0m
[0m[[0m[31merror[0m] [0m[0mserver failed to start on local:sbt-server-0232a12508388dec0882. java.io.IOException: Could not create lock for \\.\pipe\sbt-server-0232a12508388dec0882_lock, error 5[0m
[0m[[0m[0mdebug[0m] [0m[0mForcing garbage collection...[0m
