[0m[[0m[0mdebug[0m] [0m[0m> Exec(test, Some(ec4f28e3-433b-4aec-a808-114f179592f2), Some(CommandSource(console0)))[0m
[0m[[0m[0mdebug[0m] [0m[0mEvaluating tasks: Test / test[0m
[0m[[0m[0mdebug[0m] [0m[0mRunning task... Cancel: Signal, check cycles: false, forcegc: true[0m
[0m[[0m[0minfo[0m] [0m[0mcompiling 1 Scala source to C:\Aalto\DSA\A1140-scala3-r2-radixSort\target\scala-3.3.3\classes ...[0m
[0m[[0m[31merror[0m] [0m[0m[31m[31m-- [E050] Type Error: C:\Aalto\DSA\A1140-scala3-r2-radixSort\src\main\scala\radixSort\package.scala:43:6 [0m[0m[0m
[0m[[0m[31merror[0m] [0m[0m[31m43 |[0m      count(byteValue) += [31m1[0m[0m
[0m[[0m[31merror[0m] [0m[0m[31m[31m   |[0m      ^^^^^[0m[0m
[0m[[0m[31merror[0m] [0m[0m[31m   |[0m      [33mvalue[0m [35mcount[0m does not take parameters[0m
[0m[[0m[31merror[0m] [0m[0m[31m   |[0m[0m
[0m[[0m[31merror[0m] [0m[0m[31m   |[0m longer explanation available when compiling with `-explain`[0m
[0m[[0m[31merror[0m] [0m[0m[31m[31m-- [E050] Type Error: C:\Aalto\DSA\A1140-scala3-r2-radixSort\src\main\scala\radixSort\package.scala:49:6 [0m[0m[0m
[0m[[0m[31merror[0m] [0m[0m[31m49 |[0m      count(index2) += count(index2 - [31m1[0m)[0m
[0m[[0m[31merror[0m] [0m[0m[31m[31m   |[0m      ^^^^^[0m[0m
[0m[[0m[31merror[0m] [0m[0m[31m   |[0m      [33mvalue[0m [35mcount[0m does not take parameters[0m
[0m[[0m[31merror[0m] [0m[0m[31m   |[0m[0m
[0m[[0m[31merror[0m] [0m[0m[31m   |[0m longer explanation available when compiling with `-explain`[0m
[0m[[0m[31merror[0m] [0m[0m[31m[31m-- [E050] Type Error: C:\Aalto\DSA\A1140-scala3-r2-radixSort\src\main\scala\radixSort\package.scala:56:10 [0m[0m[0m
[0m[[0m[31merror[0m] [0m[0m[31m56 |[0m      aux(count(byteValue) - [31m1[0m) = aux(index3)[0m
[0m[[0m[31merror[0m] [0m[0m[31m[31m   |[0m          ^^^^^[0m[0m
[0m[[0m[31merror[0m] [0m[0m[31m   |[0m          [33mvalue[0m [35mcount[0m does not take parameters[0m
[0m[[0m[31merror[0m] [0m[0m[31m   |[0m[0m
[0m[[0m[31merror[0m] [0m[0m[31m   |[0m longer explanation available when compiling with `-explain`[0m
[0m[[0m[31merror[0m] [0m[0m[31m[31m-- [E050] Type Error: C:\Aalto\DSA\A1140-scala3-r2-radixSort\src\main\scala\radixSort\package.scala:57:6 [0m[0m[0m
[0m[[0m[31merror[0m] [0m[0m[31m57 |[0m      count(byteValue) -= [31m1[0m[0m
[0m[[0m[31merror[0m] [0m[0m[31m[31m   |[0m      ^^^^^[0m[0m
[0m[[0m[31merror[0m] [0m[0m[31m   |[0m      [33mvalue[0m [35mcount[0m does not take parameters[0m
[0m[[0m[31merror[0m] [0m[0m[31m   |[0m[0m
[0m[[0m[31merror[0m] [0m[0m[31m   |[0m longer explanation available when compiling with `-explain`[0m
[0m[[0m[31merror[0m] [0m[0mfour errors found[0m
[0m[[0m[31merror[0m] [0m[0m(Compile / [31mcompileIncremental[0m) Compilation failed[0m
[0m[[0m[31merror[0m] [0m[0mTotal time: 0 s, completed Sep 20, 2024, 12:47:19 PM[0m
[0m[[0m[0mdebug[0m] [0m[0m> Exec(shell, None, None)[0m
[0m[[0m[31merror[0m] [0m[0mserver failed to start on local:sbt-server-0232a12508388dec0882. java.io.IOException: Could not create lock for \\.\pipe\sbt-server-0232a12508388dec0882_lock, error 5[0m
[0m[[0m[0mdebug[0m] [0m[0mForcing garbage collection...[0m
