[0m[[0m[0mdebug[0m] [0m[0m> Exec(test, Some(b9b8fd09-05db-4f48-92f7-be05ff296a88), Some(CommandSource(console0)))[0m
[0m[[0m[0mdebug[0m] [0m[0mEvaluating tasks: Test / test[0m
[0m[[0m[0mdebug[0m] [0m[0mRunning task... Cancel: Signal, check cycles: false, forcegc: true[0m
[0m[[0m[0minfo[0m] [0m[0mcompiling 2 Scala sources to C:\Aalto\DSA\A1140-scala3-r3-huffman\target\scala-3.3.3\classes ...[0m
[0m[[0m[31merror[0m] [0m[0m[31m[31m-- [E161] Naming Error: C:\Aalto\DSA\A1140-scala3-r3-huffman\src\main\scala\huffman\package.scala:28:13 [0m[0m[0m
[0m[[0m[31merror[0m] [0m[0m[31m28 |[0m[33msealed[0m [33mtrait[0m [35mNode[0m {[0m
[0m[[0m[31merror[0m] [0m[0m[31m[31m   |[0m^[0m[0m
[0m[[0m[31merror[0m] [0m[0m[31m   |[0mNode is already defined as [33mclass[0m [35mNode[0m in C:\Aalto\DSA\A1140-scala3-r3-huffman\src\main\scala\huffman\Node.scala[0m
[0m[[0m[31merror[0m] [0m[0m[31m29 |[0m  [33mdef[0m [36mfrequency[0m: [35mInt[0m[0m
[0m[[0m[31merror[0m] [0m[0m[31m30 |[0m}[0m
[0m[[0m[31merror[0m] [0m[0m[31m[31m-- [E161] Naming Error: C:\Aalto\DSA\A1140-scala3-r3-huffman\src\main\scala\huffman\package.scala:32:11 [0m[0m[0m
[0m[[0m[31merror[0m] [0m[0m[31m32 |[0m[33mcase class[0m [35mLeaf[0m([36mbyte[0m: [35mByte[0m, [36mfrequency[0m: [35mInt[0m) [33mextends[0m [35mNode[0m[0m
[0m[[0m[31merror[0m] [0m[0m[31m[31m   |[0m^^^^^^^^^^^^^^^^^^^^^^^^^^^^^^^^^^^^^^^^^^^^^^^^^^^^^^^^[0m[0m
[0m[[0m[31merror[0m] [0m[0m[31m   |[0mLeaf is already defined as [33mclass[0m [35mLeaf[0m in C:\Aalto\DSA\A1140-scala3-r3-huffman\src\main\scala\huffman\Node.scala[0m
[0m[[0m[31merror[0m] [0m[0m[31m[31m-- [E161] Naming Error: C:\Aalto\DSA\A1140-scala3-r3-huffman\src\main\scala\huffman\package.scala:33:11 [0m[0m[0m
[0m[[0m[31merror[0m] [0m[0m[31m33 |[0m[33mcase class[0m [35mInternal[0m([36mleft[0m: [35mNode[0m, [36mright[0m: [35mNode[0m) [33mextends[0m [35mNode[0m {[0m
[0m[[0m[31merror[0m] [0m[0m[31m[31m   |[0m^[0m[0m
[0m[[0m[31merror[0m] [0m[0m[31m   |[0mInternal is already defined as [33mclass[0m [35mInternal[0m in C:\Aalto\DSA\A1140-scala3-r3-huffman\src\main\scala\huffman\Node.scala[0m
[0m[[0m[31merror[0m] [0m[0m[31m34 |[0m  [33mval[0m [36mfrequency[0m: [35mInt[0m = left.frequency + right.frequency[0m
[0m[[0m[31merror[0m] [0m[0m[31m35 |[0m}[0m
[0m[[0m[31merror[0m] [0m[0m[31m[31m-- [E008] Not Found Error: C:\Aalto\DSA\A1140-scala3-r3-huffman\src\main\scala\huffman\package.scala:105:77 [0m[0m[0m
[0m[[0m[31merror[0m] [0m[0m[31m105 |[0m  [33mval[0m [36mpq[0m = scala.collection.mutable.PriorityQueue.empty[[35mNode[0m](Ordering.by(-_.frequency))[0m
[0m[[0m[31merror[0m] [0m[0m[31m[31m    |[0m                                                                           ^^^^^^^^^^^[0m[0m
[0m[[0m[31merror[0m] [0m[0m[31m    |[0m                       value frequency is not a member of huffman.Node[0m
[0m[[0m[31merror[0m] [0m[0m[31m[31m-- [E172] Type Error: C:\Aalto\DSA\A1140-scala3-r3-huffman\src\main\scala\huffman\package.scala:105:87 [0m[0m[0m
[0m[[0m[31merror[0m] [0m[0m[31m105 |[0m  [33mval[0m [36mpq[0m = scala.collection.mutable.PriorityQueue.empty[[35mNode[0m](Ordering.by(-_.frequency))[0m
[0m[[0m[31merror[0m] [0m[0m[31m[31m    |[0m                                                                                       ^[0m[0m
[0m[[0m[31merror[0m] [0m[0m[31m    |[0mAmbiguous given instances: both [33mobject[0m [35mBoolean[0m in [33mobject[0m [35mOrdering[0m and [33mobject[0m [35mSymbol[0m in [33mobject[0m [35mOrdering[0m match type Ordering[S] of parameter ord of [33mmethod[0m [35mby[0m in [33mobject[0m [35mOrdering[0m[0m
[0m[[0m[31merror[0m] [0m[0m5 errors found[0m
[0m[[0m[31merror[0m] [0m[0m(Compile / [31mcompileIncremental[0m) Compilation failed[0m
[0m[[0m[31merror[0m] [0m[0mTotal time: 1 s, completed Sep 27, 2024, 2:36:14 PM[0m
[0m[[0m[0mdebug[0m] [0m[0m> Exec(shell, None, None)[0m
[0m[[0m[31merror[0m] [0m[0mserver failed to start on local:sbt-server-2501ccc9fe110c51c82a. java.io.IOException: Could not create lock for \\.\pipe\sbt-server-2501ccc9fe110c51c82a_lock, error 5[0m
[0m[[0m[0mdebug[0m] [0m[0mForcing garbage collection...[0m
