[0m[[0m[0mdebug[0m] [0m[0m> Exec(test, Some(abeb2777-960b-47d6-b350-27a9d8961a7d), Some(CommandSource(console0)))[0m
[0m[[0m[0mdebug[0m] [0m[0mEvaluating tasks: Test / test[0m
[0m[[0m[0mdebug[0m] [0m[0mRunning task... Cancel: Signal, check cycles: false, forcegc: true[0m
[0m[[0m[0minfo[0m] [0m[0mcompiling 2 Scala sources to C:\Aalto\DSA\A1140-scala3-r3-unionFind\target\scala-3.3.3\classes ...[0m
[0m[[0m[33mwarn[0m] [0m[0m[33m[33m-- Warning: C:\Aalto\DSA\A1140-scala3-r3-unionFind\src\main\scala\unionFind\UnionFind.scala:48:44 [0m[0m[0m
[0m[[0m[33mwarn[0m] [0m[0m[33m48 |[0m      [33mif[0m sets.connectedComponents == [31m1[0m [33mthen[0m [33mreturn[0m Some(w)[0m
[0m[[0m[33mwarn[0m] [0m[0m[33m[33m   |[0m                                            ^^^^^^^^^^^^^^[0m[0m
[0m[[0m[33mwarn[0m] [0m[0m[33m   |[0mNon local returns are no longer supported; use `boundary` and `boundary.break` in `scala.util` instead[0m
[0m[[0m[33mwarn[0m] [0m[0mone warning found[0m
[0m[[0m[0minfo[0m] [0m[0mcompiling 2 Scala sources to C:\Aalto\DSA\A1140-scala3-r3-unionFind\target\scala-3.3.3\test-classes ...[0m
[0m[[0m[0minfo[0m] [0m[0m[32mUnionFindSpec:[0m[0m
[0m[[0m[0minfo[0m] [0m[0m[32mThe solve method[0m[0m
[0m[[0m[0minfo[0m] [0m[0m[32m- should be correct[0m[0m
[0m[[0m[0minfo[0m] [0m[0m[32m- should correct and efficient[0m[0m
[0m[[0m[0minfo[0m] [0m[0m[36mRun completed in 7 seconds, 382 milliseconds.[0m[0m
[0m[[0m[0minfo[0m] [0m[0m[36mTotal number of tests run: 2[0m[0m
[0m[[0m[0minfo[0m] [0m[0m[36mSuites: completed 1, aborted 0[0m[0m
[0m[[0m[0minfo[0m] [0m[0m[36mTests: succeeded 2, failed 0, canceled 0, ignored 0, pending 0[0m[0m
[0m[[0m[0minfo[0m] [0m[0m[32mAll tests passed.[0m[0m
[0m[[0m[32msuccess[0m] [0m[0mTotal time: 13 s, completed Sep 27, 2024, 11:46:57 AM[0m
[0m[[0m[0mdebug[0m] [0m[0m> Exec(shell, None, None)[0m
