[0m[[0m[0mdebug[0m] [0m[0m> Exec(test, Some(47be8a97-24cc-4377-bc01-ef3d25fdd04a), Some(CommandSource(console0)))[0m
[0m[[0m[0mdebug[0m] [0m[0mEvaluating tasks: Test / test[0m
[0m[[0m[0mdebug[0m] [0m[0mRunning task... Cancel: Signal, check cycles: false, forcegc: true[0m
[0m[[0m[0minfo[0m] [0m[0mcompiling 1 Scala source to C:\Aalto\DSA\A1140-scala3-r2-quickSelect\target\scala-3.3.3\classes ...[0m
[0m[[0m[0minfo[0m] [0m[0m[32mQuickSelectSpec:[0m[0m
[0m[[0m[0minfo[0m] [0m[0m[32mYour quickselect implementation[0m[0m
[0m[[0m[0minfo[0m] [0m[0m[32m- should compute correct results on some selected inputs[0m[0m
[0m[[0m[0minfo[0m] [0m[0m[32m- should compute correct results on some random inputs[0m[0m
[0m[[0m[0minfo[0m] [0m[0m[32m- should be somewhat faster than the approach based on applying java.util.Arrays.sort on longish sequences of integers[0m[0m
[0m[[0m[0minfo[0m] [0m[0m[32m- should be as fast as the approach based on applying java.util.Arrays.sort on longish almost-sorted sequences of integers[0m[0m
[0m[[0m[0minfo[0m] [0m[0m[32m- should be as fast as the approach based on applying java.util.Arrays.sort on sequences of small integers (=> lots of equal values in the array)[0m[0m
[0m[[0m[0minfo[0m] [0m[0m[36mRun completed in 2 seconds, 705 milliseconds.[0m[0m
[0m[[0m[0minfo[0m] [0m[0m[36mTotal number of tests run: 5[0m[0m
[0m[[0m[0minfo[0m] [0m[0m[36mSuites: completed 1, aborted 0[0m[0m
[0m[[0m[0minfo[0m] [0m[0m[36mTests: succeeded 5, failed 0, canceled 0, ignored 0, pending 0[0m[0m
[0m[[0m[0minfo[0m] [0m[0m[32mAll tests passed.[0m[0m
[0m[[0m[32msuccess[0m] [0m[0mTotal time: 6 s, completed Sep 10, 2024, 9:13:17 PM[0m
[0m[[0m[0mdebug[0m] [0m[0m> Exec(shell, None, None)[0m
[0m[[0m[31merror[0m] [0m[0mserver failed to start on local:sbt-server-33f8dc39ded9c97762ab. java.io.IOException: Could not create lock for \\.\pipe\sbt-server-33f8dc39ded9c97762ab_lock, error 5[0m
[0m[[0m[0mdebug[0m] [0m[0mForcing garbage collection...[0m
